<?xml version="1.0" encoding="utf-8"?><testsuites name="pytest tests"><testsuite name="pytest" errors="0" failures="0" skipped="0" tests="15" time="23.430" timestamp="2026-07-04T09:02:07.076430+00:00" hostname="agent-env-57096d25-3386-4302-9976-1fc450a4f879"><testcase classname="tests.test_anti_cheat.TestRateLimit" name="test_rate_limit_kicks_in_after_20" time="8.824" /><testcase classname="tests.test_anti_cheat.TestRateLimit" name="test_different_device_unaffected_from_different_ip" time="8.185" /><testcase classname="tests.test_anti_cheat.TestPerPoiCooldown" name="test_first_ok_second_blocked_with_time_remaining" time="1.231" /><testcase classname="tests.test_anti_cheat.TestSuperhumanSpeed" name="test_teleport_between_pois_blocked" time="1.411" /><testcase classname="tests.test_anti_cheat.TestDistanceGuardUnchanged" name="test_too_far_returns_200_success_false" time="0.171" /><testcase classname="tests.test_anti_cheat.TestBoundCheckIns" name="test_trim_to_500_keeps_last_500" time="0.165" /><testcase classname="tests.test_anti_cheat.TestBoundCheckIns" name="test_under_cap_unchanged" time="0.000" /><testcase classname="tests.test_anti_cheat.TestBoundCheckIns" name="test_constants_match_spec" time="0.000" /><testcase classname="tests.test_anti_cheat.TestRegression" name="test_city_gaziantep" time="0.128" /><testcase classname="tests.test_anti_cheat.TestRegression" name="test_kultur_yolu_53" time="0.148" /><testcase classname="tests.test_anti_cheat.TestRegression" name="test_cvs_summary_118" time="0.429" /><testcase classname="tests.test_anti_cheat.TestRegression" name="test_progress_get" time="0.172" /><testcase classname="tests.test_anti_cheat.TestRegression" name="test_cvs_panorama_and_castle" time="0.613" /><testcase classname="tests.test_anti_cheat.TestRegression" name="test_reviews_list" time="0.430" /><testcase classname="tests.test_anti_cheat.TestRegression" name="test_review_post_still_enforces_short_comment_and_gate" time="1.386" /></testsuite></testsuites>