<?xml version="1.0" encoding="utf-8"?><testsuites name="pytest tests"><testsuite name="pytest" errors="0" failures="0" skipped="0" tests="19" time="1.714" timestamp="2026-06-10T17:47:17.935367+00:00" hostname="agent-env-57096d25-3386-4302-9976-1fc450a4f879"><testcase classname="backend.tests.test_cityquest.TestCities" name="test_list_cities_returns_four" time="0.247" /><testcase classname="backend.tests.test_cityquest.TestCities" name="test_get_city_detail" time="0.048" /><testcase classname="backend.tests.test_cityquest.TestCities" name="test_get_city_not_found" time="0.056" /><testcase classname="backend.tests.test_cityquest.TestPOIs" name="test_list_pois_gaziantep" time="0.051" /><testcase classname="backend.tests.test_cityquest.TestPOIs" name="test_pois_category_filter_museum" time="0.049" /><testcase classname="backend.tests.test_cityquest.TestPOIs" name="test_pois_category_filter_restaurant" time="0.062" /><testcase classname="backend.tests.test_cityquest.TestPOIs" name="test_pois_category_all" time="0.098" /><testcase classname="backend.tests.test_cityquest.TestPOIs" name="test_food_endpoint_only_restaurants" time="0.047" /><testcase classname="backend.tests.test_cityquest.TestQuests" name="test_list_quests_gaziantep" time="0.093" /><testcase classname="backend.tests.test_cityquest.TestQuests" name="test_quests_difficulty_filter" time="0.052" /><testcase classname="backend.tests.test_cityquest.TestQuests" name="test_get_quest_with_trivia" time="0.049" /><testcase classname="backend.tests.test_cityquest.TestQuests" name="test_quest_not_found" time="0.052" /><testcase classname="backend.tests.test_cityquest.TestProgress" name="test_empty_progress_new_device" time="0.062" /><testcase classname="backend.tests.test_cityquest.TestProgress" name="test_checkin_correct_answer_awards_xp" time="0.112" /><testcase classname="backend.tests.test_cityquest.TestProgress" name="test_checkin_idempotent_on_repeat" time="0.109" /><testcase classname="backend.tests.test_cityquest.TestProgress" name="test_checkin_incorrect_trivia_no_xp" time="0.114" /><testcase classname="backend.tests.test_cityquest.TestProgress" name="test_leveled_up_flag" time="0.106" /><testcase classname="backend.tests.test_cityquest.TestProgress" name="test_checkin_quest_not_found" time="0.058" /><testcase classname="backend.tests.test_cityquest.TestLeaderboard" name="test_leaderboard_sorted_desc" time="0.061" /></testsuite></testsuites>