<?xml version="1.0" encoding="utf-8"?><testsuites name="pytest tests"><testsuite name="pytest" errors="0" failures="0" skipped="0" tests="18" time="11.652" timestamp="2026-07-02T08:50:26.509235+00:00" hostname="agent-env-57096d25-3386-4302-9976-1fc450a4f879"><testcase classname="tests.test_cvs_reviews.TestNonRegression" name="test_get_city" time="0.325" /><testcase classname="tests.test_cvs_reviews.TestNonRegression" name="test_get_city_pois" time="0.281" /><testcase classname="tests.test_cvs_reviews.TestNonRegression" name="test_leaderboard" time="0.199" /><testcase classname="tests.test_cvs_reviews.TestNonRegression" name="test_quest_progress" time="0.702" /><testcase classname="tests.test_cvs_reviews.TestNonRegression" name="test_progress_get" time="0.169" /><testcase classname="tests.test_cvs_reviews.TestEligibility" name="test_not_eligible_without_checkin" time="0.312" /><testcase classname="tests.test_cvs_reviews.TestEligibility" name="test_poi_not_found" time="0.169" /><testcase classname="tests.test_cvs_reviews.TestEligibility" name="test_eligible_after_checkin" time="1.268" /><testcase classname="tests.test_cvs_reviews.TestLandmarkReview" name="test_reject_short_comment" time="1.130" /><testcase classname="tests.test_cvs_reviews.TestLandmarkReview" name="test_reject_no_checkin" time="0.299" /><testcase classname="tests.test_cvs_reviews.TestLandmarkReview" name="test_accept_valid_landmark_review" time="1.410" /><testcase classname="tests.test_cvs_reviews.TestRestaurantReview" name="test_reject_wrong_dims" time="1.129" /><testcase classname="tests.test_cvs_reviews.TestRestaurantReview" name="test_reject_short_comment_restaurant" time="1.111" /><testcase classname="tests.test_cvs_reviews.TestRestaurantReview" name="test_accept_valid_restaurant_review" time="1.382" /><testcase classname="tests.test_cvs_reviews.TestReviewsListing" name="test_landmark_reviews_include_author" time="0.440" /><testcase classname="tests.test_cvs_reviews.TestCVSAggregation" name="test_landmark_cvs_reflects_review" time="0.324" /><testcase classname="tests.test_cvs_reviews.TestCVSAggregation" name="test_restaurant_cvs_has_food_dims" time="0.310" /><testcase classname="tests.test_cvs_reviews.TestCVSAggregation" name="test_cvs_zero_reviews_poi" time="0.554" /></testsuite></testsuites>