<?xml version="1.0" encoding="utf-8"?><testsuites name="pytest tests"><testsuite name="pytest" errors="0" failures="0" skipped="0" tests="11" time="3.076" timestamp="2026-07-05T19:15:06.625322+00:00" hostname="agent-env-57096d25-3386-4302-9976-1fc450a4f879"><testcase classname="backend.tests.test_friends_leaderboard.TestProgressNoGhost" name="test_new_device_returns_default_progress" time="0.788" /><testcase classname="backend.tests.test_friends_leaderboard.TestProgressNoGhost" name="test_new_device_get_is_idempotent_and_no_row" time="0.645" /><testcase classname="backend.tests.test_friends_leaderboard.TestExistingProgress" name="test_wolfy_friend_code_present_and_idempotent" time="0.399" /><testcase classname="backend.tests.test_friends_leaderboard.TestFriendsLookup" name="test_lookup_success" time="0.192" /><testcase classname="backend.tests.test_friends_leaderboard.TestFriendsLookup" name="test_lookup_normalizes_whitespace_and_lowercase" time="0.184" /><testcase classname="backend.tests.test_friends_leaderboard.TestFriendsLookup" name="test_lookup_too_short_returns_400" time="0.059" /><testcase classname="backend.tests.test_friends_leaderboard.TestFriendsLookup" name="test_lookup_unknown_returns_404" time="0.192" /><testcase classname="backend.tests.test_friends_leaderboard.TestFriendsBatch" name="test_batch_filters_invalid_and_unknown" time="0.189" /><testcase classname="backend.tests.test_friends_leaderboard.TestFriendsBatch" name="test_batch_empty_returns_empty_list" time="0.065" /><testcase classname="backend.tests.test_friends_leaderboard.TestFriendsBatch" name="test_batch_all_invalid_returns_empty" time="0.053" /><testcase classname="backend.tests.test_friends_leaderboard.TestGlobalLeaderboard" name="test_leaderboard_returns_array_with_expected_shape" time="0.223" /></testsuite></testsuites>