<?xml version="1.0" encoding="utf-8"?><testsuites name="pytest tests"><testsuite name="pytest" errors="0" failures="2" skipped="0" tests="8" time="4.010" timestamp="2026-07-05T19:59:12.750872+00:00" hostname="agent-env-57096d25-3386-4302-9976-1fc450a4f879"><testcase classname="backend.tests.test_quests_progress_batch.TestCityQuestsProgress" name="test_gaziantep_populated_wolfy" time="1.171"><failure message="AssertionError: expected &gt;=6 completed with 100%, got 1&#10;assert 1 &gt;= 6&#10; +  where 1 = len([{'completed': True, 'current': 1, 'need': 1, 'percent': 100, ...}])">backend/tests/test_quests_progress_batch.py:32: in test_gaziantep_populated_wolfy
    assert len(completed_full) &gt;= 6, f"expected &gt;=6 completed with 100%, got {len(completed_full)}"
E   AssertionError: expected &gt;=6 completed with 100%, got 1
E   assert 1 &gt;= 6
E    +  where 1 = len([{'completed': True, 'current': 1, 'need': 1, 'percent': 100, ...}])</failure></testcase><testcase classname="backend.tests.test_quests_progress_batch.TestCityQuestsProgress" name="test_fresh_device_no_ghost" time="1.269" /><testcase classname="backend.tests.test_quests_progress_batch.TestCityQuestsProgress" name="test_istanbul_progress" time="0.266"><failure message="assert 500 == 200&#10; +  where 500 = &lt;Response [500]&gt;.status_code">backend/tests/test_quests_progress_batch.py:53: in test_istanbul_progress
    assert r.status_code == 200
E   assert 500 == 200
E    +  where 500 = &lt;Response [500]&gt;.status_code</failure></testcase><testcase classname="backend.tests.test_quests_progress_batch.TestCityQuestsProgress" name="test_unknown_city_empty" time="0.240" /><testcase classname="backend.tests.test_quests_progress_batch.TestCityQuestsProgress" name="test_missing_device_id_422" time="0.126" /><testcase classname="backend.tests.test_quests_progress_batch.TestRegressionsSmoke" name="test_leaderboard" time="0.268" /><testcase classname="backend.tests.test_quests_progress_batch.TestRegressionsSmoke" name="test_friends_lookup" time="0.290" /><testcase classname="backend.tests.test_quests_progress_batch.TestRegressionsSmoke" name="test_friends_leaderboard_post" time="0.276" /></testsuite></testsuites>