<?xml version="1.0" encoding="utf-8"?><testsuites name="pytest tests"><testsuite name="pytest" errors="0" failures="0" skipped="0" tests="7" time="2.484" timestamp="2026-07-01T11:09:37.869450+00:00" hostname="agent-env-57096d25-3386-4302-9976-1fc450a4f879"><testcase classname="backend.tests.test_quest_ky53.TestQuestDefinition" name="test_title" time="0.656" /><testcase classname="backend.tests.test_quest_ky53.TestQuestDefinition" name="test_requirements_shape" time="0.000" /><testcase classname="backend.tests.test_quest_ky53.TestQuestDefinition" name="test_ky_visit_all_absent" time="0.000" /><testcase classname="backend.tests.test_quest_ky53.TestQuestProgressZero" name="test_progress_single_entry" time="0.982" /><testcase classname="backend.tests.test_quest_ky53.TestQuestProgressZero" name="test_progress_entry_shape" time="0.000" /><testcase classname="backend.tests.test_quest_ky53.TestQuestProgressZero" name="test_candidates_are_canonical" time="0.000" /><testcase classname="backend.tests.test_quest_ky53.TestQuestProgressRealDevice" name="test_current_capped" time="0.700" /></testsuite></testsuites>