<?xml version="1.0" encoding="utf-8"?><testsuites name="pytest tests"><testsuite name="pytest" errors="0" failures="1" skipped="0" tests="7" time="3.391" timestamp="2026-07-05T18:32:21.590557+00:00" hostname="agent-env-57096d25-3386-4302-9976-1fc450a4f879"><testcase classname="tests.test_regression_sweep" name="test_supabase_health" time="1.230" /><testcase classname="tests.test_regression_sweep" name="test_city_gaziantep" time="0.214" /><testcase classname="tests.test_regression_sweep" name="test_gaziantep_pois_count" time="0.300" /><testcase classname="tests.test_regression_sweep" name="test_gaziantep_kultur_yolu_exact_53" time="0.443" /><testcase classname="tests.test_regression_sweep" name="test_gaziantep_cvs_summary" time="0.646" /><testcase classname="tests.test_regression_sweep" name="test_leaderboard" time="0.194" /><testcase classname="tests.test_regression_sweep" name="test_poi_check_in_panorama_museum" time="0.177"><failure message="AssertionError: 404 :: {&quot;detail&quot;:&quot;POI not found&quot;}&#10;assert 404 in (200, 201)&#10; +  where 404 = &lt;Response [404]&gt;.status_code">tests/test_regression_sweep.py:94: in test_poi_check_in_panorama_museum
    assert r.status_code in (200, 201), f"{r.status_code} :: {r.text}"
E   AssertionError: 404 :: {"detail":"POI not found"}
E   assert 404 in (200, 201)
E    +  where 404 = &lt;Response [404]&gt;.status_code</failure></testcase></testsuite></testsuites>