<?xml version="1.0" encoding="utf-8"?><testsuites name="pytest tests"><testsuite name="pytest" errors="0" failures="0" skipped="0" tests="29" time="11.003" timestamp="2026-06-13T09:09:19.757679+00:00" hostname="agent-env-57096d25-3386-4302-9976-1fc450a4f879"><testcase classname="backend.tests.test_cityquest_supabase.TestSupabaseHealth" name="test_health_configured" time="0.539" /><testcase classname="backend.tests.test_cityquest_supabase.TestCities" name="test_list_returns_four" time="0.188" /><testcase classname="backend.tests.test_cityquest_supabase.TestCities" name="test_get_gaziantep" time="0.166" /><testcase classname="backend.tests.test_cityquest_supabase.TestCities" name="test_not_found" time="0.165" /><testcase classname="backend.tests.test_cityquest_supabase.TestPOIs" name="test_list_gaziantep_pois" time="0.192" /><testcase classname="backend.tests.test_cityquest_supabase.TestPOIs" name="test_museum_filter" time="0.169" /><testcase classname="backend.tests.test_cityquest_supabase.TestPOIs" name="test_kultur_yolu_filter" time="0.493" /><testcase classname="backend.tests.test_cityquest_supabase.TestPOIs" name="test_kultur_yolu_dedicated_endpoint" time="0.169" /><testcase classname="backend.tests.test_cityquest_supabase.TestPOIs" name="test_food_endpoint" time="0.166" /><testcase classname="backend.tests.test_cityquest_supabase.TestPOIs" name="test_get_specific_poi" time="0.166" /><testcase classname="backend.tests.test_cityquest_supabase.TestPOIs" name="test_poi_not_found" time="0.164" /><testcase classname="backend.tests.test_cityquest_supabase.TestDishes" name="test_list_dishes" time="0.170" /><testcase classname="backend.tests.test_cityquest_supabase.TestQuests" name="test_list_gaziantep_quests" time="0.166" /><testcase classname="backend.tests.test_cityquest_supabase.TestQuests" name="test_difficulty_filter_easy" time="0.208" /><testcase classname="backend.tests.test_cityquest_supabase.TestQuests" name="test_get_q_gaz_1_with_trivia" time="0.166" /><testcase classname="backend.tests.test_cityquest_supabase.TestQuests" name="test_quest_not_found" time="0.211" /><testcase classname="backend.tests.test_cityquest_supabase.TestPoiCheckIn" name="test_poi_checkin_good_gps_credits_quest" time="1.012" /><testcase classname="backend.tests.test_cityquest_supabase.TestPoiCheckIn" name="test_poi_checkin_bad_gps_too_far" time="0.168" /><testcase classname="backend.tests.test_cityquest_supabase.TestPoiCheckIn" name="test_poi_checkin_missing_poi" time="0.166" /><testcase classname="backend.tests.test_cityquest_supabase.TestQuestCheckInFlow" name="test_full_flow_awards_xp_and_badge" time="1.302" /><testcase classname="backend.tests.test_cityquest_supabase.TestQuestCheckInFlow" name="test_bad_gps_blocks_with_too_far" time="0.742" /><testcase classname="backend.tests.test_cityquest_supabase.TestQuestCheckInFlow" name="test_incorrect_trivia_no_xp" time="1.118" /><testcase classname="backend.tests.test_cityquest_supabase.TestQuestCheckInFlow" name="test_quest_not_found" time="0.165" /><testcase classname="backend.tests.test_cityquest_supabase.TestProgressEndpoints" name="test_pre_existing_user_has_xp" time="0.205" /><testcase classname="backend.tests.test_cityquest_supabase.TestProgressEndpoints" name="test_empty_progress_new_device" time="0.165" /><testcase classname="backend.tests.test_cityquest_supabase.TestProgressEndpoints" name="test_by_city_progress_shape" time="0.783" /><testcase classname="backend.tests.test_cityquest_supabase.TestProgressEndpoints" name="test_profile_upsert_creates_row" time="0.457" /><testcase classname="backend.tests.test_cityquest_supabase.TestProgressEndpoints" name="test_profile_update_existing" time="0.787" /><testcase classname="backend.tests.test_cityquest_supabase.TestLeaderboard" name="test_sorted_desc_and_shape" time="0.173" /></testsuite></testsuites>